Summary of SPARK analysis
=========================

-------------------------------------------------------------------------------------------------------
SPARK Analysis results        Total       Flow   Interval   CodePeer     Provers   Justified   Unproved
-------------------------------------------------------------------------------------------------------
Data Dependencies                 .          .          .          .           .           .          .
Flow Dependencies                 .          .          .          .           .           .          .
Initialization                    9          9          .          .           .           .          .
Non-Aliasing                      .          .          .          .           .           .          .
Run-time Checks                   1          .          .          .    1 (CVC4)           .          .
Assertions                        .          .          .          .           .           .          .
Functional Contracts              2          .          .          .    2 (CVC4)           .          .
LSP Verification                  .          .          .          .           .           .          .
-------------------------------------------------------------------------------------------------------
Total                            12    9 (75%)          .          .     3 (25%)           .          .


Analyzed 3 units
in unit diff, 1 subprograms and packages out of 1 analyzed
  Diff at diff.adb:1 flow analyzed (0 errors, 0 checks and 0 warnings) and proved (1 checks)
in unit linear_search, 2 subprograms and packages out of 2 analyzed
  Linear_Search at linear_search.ads:1 flow analyzed (0 errors, 0 checks and 0 warnings)
  Linear_Search.Search at linear_search.ads:19 flow analyzed (0 errors, 0 checks and 0 warnings)
in unit thread, 3 subprograms and packages out of 3 analyzed
  Thread at thread.ads:2 flow analyzed (0 errors, 0 checks and 0 warnings) and proved (0 checks)
  Thread.Do_Action at thread.ads:16 flow analyzed (0 errors, 0 checks and 0 warnings) and proved (1 checks)
  Thread.Initialize at thread.ads:10 flow analyzed (0 errors, 0 checks and 0 warnings) and proved (1 checks)
